<?xml version="1.0" encoding="utf-8"?>
<coverage line-rate="1" branch-rate="1" version="1.9" timestamp="1750692721" lines-covered="1" lines-valid="1" branches-covered="0" branches-valid="0">
  <sources>
    <source>F:\</source>
  </sources>
  <packages>
    <package name="Products.Infrastructure" line-rate="1" branch-rate="1" complexity="1">
      <classes>
        <class name="Products.Infrastructure.Calculator" filename="Project\TCS\dotnet unittest\HETProject\Products.Infrastructure\Calculator.cs" line-rate="1" branch-rate="1" complexity="1">
          <methods>
            <method name="Add" signature="(System.Int32,System.Int32)" line-rate="1" branch-rate="1" complexity="1">
              <lines>
                <line number="6" hits="1" branch="False" />
              </lines>
            </method>
          </methods>
          <lines>
            <line number="6" hits="1" branch="False" />
          </lines>
        </class>
      </classes>
    </package>
  </packages>
</coverage>